2025-12-28 01:50:10,249 - INFO - [logger.py:32] - === Application Started (v2.0 Check) ===
2025-12-28 01:50:10,249 - INFO - [logger.py:33] - Log File: C:\Coding_Workspace\Media_Archive_Organizer\dist\media_organizer_debug.log
2025-12-28 01:50:10,249 - INFO - [logger.py:34] - CWD: C:\Coding_Workspace\Media_Archive_Organizer\dist
2025-12-28 01:50:10,249 - INFO - [app.py:17] - Initializing Main App Window
2025-12-28 01:50:20,461 - INFO - [tabs.py:241] - SCAN: Start Button Clicked
2025-12-28 01:50:20,461 - INFO - [tabs.py:244] - SCAN: Selected Path: '//CHEEMA-NAS/home/Temp'
2025-12-28 01:50:20,470 - INFO - [tabs.py:263] - SCAN: Config - GPU: True, Keep Animals: True
2025-12-28 01:50:20,471 - DEBUG - [tabs.py:265] - SCAN: Updating UI State - Buttons
2025-12-28 01:50:20,472 - DEBUG - [tabs.py:270] - SCAN: Clearing internal lists
2025-12-28 01:50:20,472 - DEBUG - [tabs.py:274] - SCAN: Refreshing Lists UI
2025-12-28 01:50:20,472 - DEBUG - [tabs.py:277] - SCAN: Updating Status Label
2025-12-28 01:50:20,472 - DEBUG - [tabs.py:280] - SCAN: Setting Callbacks
2025-12-28 01:50:20,472 - INFO - [tabs.py:295] - SCAN: Dispatching Thread...
2025-12-28 01:50:20,473 - INFO - [tabs.py:285] - SCAN: Thread Started EXECUTION
2025-12-28 01:50:20,473 - INFO - [tabs.py:297] - SCAN: Thread Dispatched Successfully
2025-12-28 01:50:41,666 - INFO - [tabs.py:287] - SCAN: Thread Finished Normally
2025-12-28 01:50:45,989 - DEBUG - [TiffImagePlugin.py:941] - tag: YCbCrPositioning (531) - type: short (3) - value: b'\x00\x01'
2025-12-28 01:50:45,990 - DEBUG - [TiffImagePlugin.py:941] - tag: XResolution (282) - type: rational (5) Tag Location: 34 - Data Location: 398 - value: b'\x00\x00\x00H\x00\x00\x00\x01'
2025-12-28 01:50:45,990 - DEBUG - [TiffImagePlugin.py:941] - tag: YResolution (283) - type: rational (5) Tag Location: 46 - Data Location: 406 - value: b'\x00\x00\x00H\x00\x00\x00\x01'
2025-12-28 01:50:45,990 - DEBUG - [TiffImagePlugin.py:941] - tag: ResolutionUnit (296) - type: short (3) - value: b'\x00\x02'
2025-12-28 01:50:45,990 - DEBUG - [TiffImagePlugin.py:941] - tag: DateTime (306) - type: string (2) Tag Location: 70 - Data Location: 414 - value: b'2013:03:11 16:58:47\x00'
2025-12-28 01:50:45,990 - DEBUG - [TiffImagePlugin.py:941] - tag: Make (271) - type: string (2) Tag Location: 82 - Data Location: 434 - value: b'Motorola\x00'
2025-12-28 01:50:45,990 - DEBUG - [TiffImagePlugin.py:941] - tag: Model (272) - type: string (2) Tag Location: 94 - Data Location: 443 - value: b'DROID RAZR\x00'
2025-12-28 01:50:45,990 - DEBUG - [TiffImagePlugin.py:941] - tag: ExifIFD (34665) - type: long (4) - value: b'\x00\x00\x01\xc6'
2025-12-28 01:50:45,990 - DEBUG - [TiffImagePlugin.py:941] - tag: GPSInfoIFD (34853) - type: long (4) - value: b'\x00\x00\x04\xe0'
2025-12-28 01:50:46,753 - DEBUG - [TiffImagePlugin.py:941] - tag: YCbCrPositioning (531) - type: short (3) - value: b'\x00\x01'
2025-12-28 01:50:46,754 - DEBUG - [TiffImagePlugin.py:941] - tag: XResolution (282) - type: rational (5) Tag Location: 34 - Data Location: 398 - value: b'\x00\x00\x00H\x00\x00\x00\x01'
2025-12-28 01:50:46,754 - DEBUG - [TiffImagePlugin.py:941] - tag: YResolution (283) - type: rational (5) Tag Location: 46 - Data Location: 406 - value: b'\x00\x00\x00H\x00\x00\x00\x01'
2025-12-28 01:50:46,754 - DEBUG - [TiffImagePlugin.py:941] - tag: ResolutionUnit (296) - type: short (3) - value: b'\x00\x02'
2025-12-28 01:50:46,754 - DEBUG - [TiffImagePlugin.py:941] - tag: DateTime (306) - type: string (2) Tag Location: 70 - Data Location: 414 - value: b'2013:03:11 16:57:51\x00'
2025-12-28 01:50:46,754 - DEBUG - [TiffImagePlugin.py:941] - tag: Make (271) - type: string (2) Tag Location: 82 - Data Location: 434 - value: b'Motorola\x00'
2025-12-28 01:50:46,754 - DEBUG - [TiffImagePlugin.py:941] - tag: Model (272) - type: string (2) Tag Location: 94 - Data Location: 443 - value: b'DROID RAZR\x00'
2025-12-28 01:50:46,754 - DEBUG - [TiffImagePlugin.py:941] - tag: ExifIFD (34665) - type: long (4) - value: b'\x00\x00\x01\xc6'
2025-12-28 01:50:46,754 - DEBUG - [TiffImagePlugin.py:941] - tag: GPSInfoIFD (34853) - type: long (4) - value: b'\x00\x00\x04\xe0'
2025-12-28 01:50:47,264 - DEBUG - [TiffImagePlugin.py:941] - tag: YCbCrPositioning (531) - type: short (3) - value: b'\x00\x01'
2025-12-28 01:50:47,264 - DEBUG - [TiffImagePlugin.py:941] - tag: XResolution (282) - type: rational (5) Tag Location: 34 - Data Location: 398 - value: b'\x00\x00\x00H\x00\x00\x00\x01'
2025-12-28 01:50:47,264 - DEBUG - [TiffImagePlugin.py:941] - tag: YResolution (283) - type: rational (5) Tag Location: 46 - Data Location: 406 - value: b'\x00\x00\x00H\x00\x00\x00\x01'
2025-12-28 01:50:47,264 - DEBUG - [TiffImagePlugin.py:941] - tag: ResolutionUnit (296) - type: short (3) - value: b'\x00\x02'
2025-12-28 01:50:47,264 - DEBUG - [TiffImagePlugin.py:941] - tag: DateTime (306) - type: string (2) Tag Location: 70 - Data Location: 414 - value: b'2013:03:09 15:04:33\x00'
2025-12-28 01:50:47,264 - DEBUG - [TiffImagePlugin.py:941] - tag: Make (271) - type: string (2) Tag Location: 82 - Data Location: 434 - value: b'Motorola\x00'
2025-12-28 01:50:47,264 - DEBUG - [TiffImagePlugin.py:941] - tag: Model (272) - type: string (2) Tag Location: 94 - Data Location: 443 - value: b'DROID RAZR\x00'
2025-12-28 01:50:47,264 - DEBUG - [TiffImagePlugin.py:941] - tag: ExifIFD (34665) - type: long (4) - value: b'\x00\x00\x01\xc6'
2025-12-28 01:50:47,264 - DEBUG - [TiffImagePlugin.py:941] - tag: GPSInfoIFD (34853) - type: long (4) - value: b'\x00\x00\x04\xe0'
2025-12-28 01:50:47,758 - DEBUG - [TiffImagePlugin.py:941] - tag: YCbCrPositioning (531) - type: short (3) - value: b'\x00\x01'
2025-12-28 01:50:47,758 - DEBUG - [TiffImagePlugin.py:941] - tag: XResolution (282) - type: rational (5) Tag Location: 34 - Data Location: 398 - value: b'\x00\x00\x00H\x00\x00\x00\x01'
2025-12-28 01:50:47,758 - DEBUG - [TiffImagePlugin.py:941] - tag: YResolution (283) - type: rational (5) Tag Location: 46 - Data Location: 406 - value: b'\x00\x00\x00H\x00\x00\x00\x01'
2025-12-28 01:50:47,758 - DEBUG - [TiffImagePlugin.py:941] - tag: ResolutionUnit (296) - type: short (3) - value: b'\x00\x02'
2025-12-28 01:50:47,758 - DEBUG - [TiffImagePlugin.py:941] - tag: DateTime (306) - type: string (2) Tag Location: 70 - Data Location: 414 - value: b'2013:03:09 15:04:29\x00'
2025-12-28 01:50:47,758 - DEBUG - [TiffImagePlugin.py:941] - tag: Make (271) - type: string (2) Tag Location: 82 - Data Location: 434 - value: b'Motorola\x00'
2025-12-28 01:50:47,758 - DEBUG - [TiffImagePlugin.py:941] - tag: Model (272) - type: string (2) Tag Location: 94 - Data Location: 443 - value: b'DROID RAZR\x00'
2025-12-28 01:50:47,758 - DEBUG - [TiffImagePlugin.py:941] - tag: ExifIFD (34665) - type: long (4) - value: b'\x00\x00\x01\xc6'
2025-12-28 01:50:47,758 - DEBUG - [TiffImagePlugin.py:941] - tag: GPSInfoIFD (34853) - type: long (4) - value: b'\x00\x00\x04\xe0'
2025-12-28 01:50:48,660 - DEBUG - [TiffImagePlugin.py:941] - tag: YCbCrPositioning (531) - type: short (3) - value: b'\x00\x01'
2025-12-28 01:50:48,660 - DEBUG - [TiffImagePlugin.py:941] - tag: XResolution (282) - type: rational (5) Tag Location: 34 - Data Location: 398 - value: b'\x00\x00\x00H\x00\x00\x00\x01'
2025-12-28 01:50:48,660 - DEBUG - [TiffImagePlugin.py:941] - tag: YResolution (283) - type: rational (5) Tag Location: 46 - Data Location: 406 - value: b'\x00\x00\x00H\x00\x00\x00\x01'
2025-12-28 01:50:48,660 - DEBUG - [TiffImagePlugin.py:941] - tag: ResolutionUnit (296) - type: short (3) - value: b'\x00\x02'
2025-12-28 01:50:48,660 - DEBUG - [TiffImagePlugin.py:941] - tag: DateTime (306) - type: string (2) Tag Location: 70 - Data Location: 414 - value: b'2013:03:07 20:46:19\x00'
2025-12-28 01:50:48,660 - DEBUG - [TiffImagePlugin.py:941] - tag: Make (271) - type: string (2) Tag Location: 82 - Data Location: 434 - value: b'Motorola\x00'
2025-12-28 01:50:48,660 - DEBUG - [TiffImagePlugin.py:941] - tag: Model (272) - type: string (2) Tag Location: 94 - Data Location: 443 - value: b'DROID RAZR\x00'
2025-12-28 01:50:48,660 - DEBUG - [TiffImagePlugin.py:941] - tag: ExifIFD (34665) - type: long (4) - value: b'\x00\x00\x01\xc6'
2025-12-28 01:50:48,660 - DEBUG - [TiffImagePlugin.py:941] - tag: GPSInfoIFD (34853) - type: long (4) - value: b'\x00\x00\x04\xe0'
2025-12-28 01:50:49,154 - DEBUG - [TiffImagePlugin.py:941] - tag: YCbCrPositioning (531) - type: short (3) - value: b'\x00\x01'
2025-12-28 01:50:49,154 - DEBUG - [TiffImagePlugin.py:941] - tag: XResolution (282) - type: rational (5) Tag Location: 34 - Data Location: 398 - value: b'\x00\x00\x00H\x00\x00\x00\x01'
2025-12-28 01:50:49,154 - DEBUG - [TiffImagePlugin.py:941] - tag: YResolution (283) - type: rational (5) Tag Location: 46 - Data Location: 406 - value: b'\x00\x00\x00H\x00\x00\x00\x01'
2025-12-28 01:50:49,154 - DEBUG - [TiffImagePlugin.py:941] - tag: ResolutionUnit (296) - type: short (3) - value: b'\x00\x02'
2025-12-28 01:50:49,154 - DEBUG - [TiffImagePlugin.py:941] - tag: DateTime (306) - type: string (2) Tag Location: 70 - Data Location: 414 - value: b'2013:03:07 19:14:36\x00'
2025-12-28 01:50:49,154 - DEBUG - [TiffImagePlugin.py:941] - tag: Make (271) - type: string (2) Tag Location: 82 - Data Location: 434 - value: b'Motorola\x00'
2025-12-28 01:50:49,154 - DEBUG - [TiffImagePlugin.py:941] - tag: Model (272) - type: string (2) Tag Location: 94 - Data Location: 443 - value: b'DROID RAZR\x00'
2025-12-28 01:50:49,154 - DEBUG - [TiffImagePlugin.py:941] - tag: ExifIFD (34665) - type: long (4) - value: b'\x00\x00\x01\xc6'
2025-12-28 01:50:49,154 - DEBUG - [TiffImagePlugin.py:941] - tag: GPSInfoIFD (34853) - type: long (4) - value: b'\x00\x00\x04\xe0'
2025-12-28 01:50:49,594 - DEBUG - [TiffImagePlugin.py:941] - tag: YCbCrPositioning (531) - type: short (3) - value: b'\x00\x01'
2025-12-28 01:50:49,594 - DEBUG - [TiffImagePlugin.py:941] - tag: XResolution (282) - type: rational (5) Tag Location: 34 - Data Location: 398 - value: b'\x00\x00\x00H\x00\x00\x00\x01'
2025-12-28 01:50:49,594 - DEBUG - [TiffImagePlugin.py:941] - tag: YResolution (283) - type: rational (5) Tag Location: 46 - Data Location: 406 - value: b'\x00\x00\x00H\x00\x00\x00\x01'
2025-12-28 01:50:49,594 - DEBUG - [TiffImagePlugin.py:941] - tag: ResolutionUnit (296) - type: short (3) - value: b'\x00\x02'
2025-12-28 01:50:49,594 - DEBUG - [TiffImagePlugin.py:941] - tag: DateTime (306) - type: string (2) Tag Location: 70 - Data Location: 414 - value: b'2013:03:05 16:50:21\x00'
2025-12-28 01:50:49,594 - DEBUG - [TiffImagePlugin.py:941] - tag: Make (271) - type: string (2) Tag Location: 82 - Data Location: 434 - value: b'Motorola\x00'
2025-12-28 01:50:49,594 - DEBUG - [TiffImagePlugin.py:941] - tag: Model (272) - type: string (2) Tag Location: 94 - Data Location: 443 - value: b'DROID RAZR\x00'
2025-12-28 01:50:49,594 - DEBUG - [TiffImagePlugin.py:941] - tag: ExifIFD (34665) - type: long (4) - value: b'\x00\x00\x01\xc6'
2025-12-28 01:50:49,594 - DEBUG - [TiffImagePlugin.py:941] - tag: GPSInfoIFD (34853) - type: long (4) - value: b'\x00\x00\x04\xe0'
2025-12-28 01:50:50,815 - DEBUG - [TiffImagePlugin.py:941] - tag: YCbCrPositioning (531) - type: short (3) - value: b'\x00\x01'
2025-12-28 01:50:50,815 - DEBUG - [TiffImagePlugin.py:941] - tag: XResolution (282) - type: rational (5) Tag Location: 34 - Data Location: 398 - value: b'\x00\x00\x00H\x00\x00\x00\x01'
2025-12-28 01:50:50,815 - DEBUG - [TiffImagePlugin.py:941] - tag: YResolution (283) - type: rational (5) Tag Location: 46 - Data Location: 406 - value: b'\x00\x00\x00H\x00\x00\x00\x01'
2025-12-28 01:50:50,815 - DEBUG - [TiffImagePlugin.py:941] - tag: ResolutionUnit (296) - type: short (3) - value: b'\x00\x02'
2025-12-28 01:50:50,815 - DEBUG - [TiffImagePlugin.py:941] - tag: DateTime (306) - type: string (2) Tag Location: 70 - Data Location: 414 - value: b'2013:03:01 08:31:11\x00'
2025-12-28 01:50:50,815 - DEBUG - [TiffImagePlugin.py:941] - tag: Make (271) - type: string (2) Tag Location: 82 - Data Location: 434 - value: b'Motorola\x00'
2025-12-28 01:50:50,815 - DEBUG - [TiffImagePlugin.py:941] - tag: Model (272) - type: string (2) Tag Location: 94 - Data Location: 443 - value: b'DROID RAZR\x00'
2025-12-28 01:50:50,815 - DEBUG - [TiffImagePlugin.py:941] - tag: ExifIFD (34665) - type: long (4) - value: b'\x00\x00\x01\xc6'
2025-12-28 01:50:50,815 - DEBUG - [TiffImagePlugin.py:941] - tag: GPSInfoIFD (34853) - type: long (4) - value: b'\x00\x00\x04\xe0'
2025-12-28 01:50:51,314 - DEBUG - [TiffImagePlugin.py:941] - tag: YCbCrPositioning (531) - type: short (3) - value: b'\x00\x01'
2025-12-28 01:50:51,314 - DEBUG - [TiffImagePlugin.py:941] - tag: XResolution (282) - type: rational (5) Tag Location: 34 - Data Location: 398 - value: b'\x00\x00\x00H\x00\x00\x00\x01'
2025-12-28 01:50:51,314 - DEBUG - [TiffImagePlugin.py:941] - tag: YResolution (283) - type: rational (5) Tag Location: 46 - Data Location: 406 - value: b'\x00\x00\x00H\x00\x00\x00\x01'
2025-12-28 01:50:51,314 - DEBUG - [TiffImagePlugin.py:941] - tag: ResolutionUnit (296) - type: short (3) - value: b'\x00\x02'
2025-12-28 01:50:51,314 - DEBUG - [TiffImagePlugin.py:941] - tag: DateTime (306) - type: string (2) Tag Location: 70 - Data Location: 414 - value: b'2013:03:01 08:31:14\x00'
2025-12-28 01:50:51,314 - DEBUG - [TiffImagePlugin.py:941] - tag: Make (271) - type: string (2) Tag Location: 82 - Data Location: 434 - value: b'Motorola\x00'
2025-12-28 01:50:51,314 - DEBUG - [TiffImagePlugin.py:941] - tag: Model (272) - type: string (2) Tag Location: 94 - Data Location: 443 - value: b'DROID RAZR\x00'
2025-12-28 01:50:51,314 - DEBUG - [TiffImagePlugin.py:941] - tag: ExifIFD (34665) - type: long (4) - value: b'\x00\x00\x01\xc6'
2025-12-28 01:50:51,314 - DEBUG - [TiffImagePlugin.py:941] - tag: GPSInfoIFD (34853) - type: long (4) - value: b'\x00\x00\x04\xe0'
